thg 12 25, 2024 4:27:40 CH QuanLy.QuanLyDoanVien loadMembersToTable
SEVERE: Error loading members
java.sql.SQLSyntaxErrorException: Column 'rating' not found.
	at mysql.connector.j@9.1.0/com.mysql.cj.jdbc.exceptions.SQLError.createSQLException(SQLError.java:112)
	at mysql.connector.j@9.1.0/com.mysql.cj.jdbc.exceptions.SQLError.createSQLException(SQLError.java:89)
	at mysql.connector.j@9.1.0/com.mysql.cj.jdbc.exceptions.SQLError.createSQLException(SQLError.java:81)
	at mysql.connector.j@9.1.0/com.mysql.cj.jdbc.exceptions.SQLError.createSQLException(SQLError.java:55)
	at mysql.connector.j@9.1.0/com.mysql.cj.jdbc.result.ResultSetImpl.findColumn(ResultSetImpl.java:600)
	at mysql.connector.j@9.1.0/com.mysql.cj.jdbc.result.ResultSetImpl.getString(ResultSetImpl.java:922)
	at QuanLy.QuanLyDoanVien.loadMembersToTable(QuanLyDoanVien.java:208)
	at QuanLy.QuanLyDoanVien.createMemberListPanel(QuanLyDoanVien.java:85)
	at QuanLy.QuanLyDoanVien.<init>(QuanLyDoanVien.java:34)
	at QuanLy.LoginFrame.lambda$2(LoginFrame.java:57)
	at java.desktop/java.awt.event.InvocationEvent.dispatch(InvocationEvent.java:318)
	at java.desktop/java.awt.EventQueue.dispatchEventImpl(EventQueue.java:773)
	at java.desktop/java.awt.EventQueue$4.run(EventQueue.java:720)
	at java.desktop/java.awt.EventQueue$4.run(EventQueue.java:714)
	at java.base/java.security.AccessController.doPrivileged(AccessController.java:400)
	at java.base/java.security.ProtectionDomain$JavaSecurityAccessImpl.doIntersectionPrivilege(ProtectionDomain.java:87)
	at java.desktop/java.awt.EventQueue.dispatchEvent(EventQueue.java:742)
	at java.desktop/java.awt.EventDispatchThread.pumpOneEventForFilters(EventDispatchThread.java:203)
	at java.desktop/java.awt.EventDispatchThread.pumpEventsForFilter(EventDispatchThread.java:124)
	at java.desktop/java.awt.EventDispatchThread.pumpEventsForHierarchy(EventDispatchThread.java:113)
	at java.desktop/java.awt.EventDispatchThread.pumpEvents(EventDispatchThread.java:109)
	at java.desktop/java.awt.EventDispatchThread.pumpEvents(EventDispatchThread.java:101)
	at java.desktop/java.awt.EventDispatchThread.run(EventDispatchThread.java:90)

thg 12 25, 2024 4:28:44 CH QuanLy.QuanLyDoanVien loadMembersToTable
SEVERE: Error loading members
java.sql.SQLSyntaxErrorException: Column 'rating' not found.
	at mysql.connector.j@9.1.0/com.mysql.cj.jdbc.exceptions.SQLError.createSQLException(SQLError.java:112)
	at mysql.connector.j@9.1.0/com.mysql.cj.jdbc.exceptions.SQLError.createSQLException(SQLError.java:89)
	at mysql.connector.j@9.1.0/com.mysql.cj.jdbc.exceptions.SQLError.createSQLException(SQLError.java:81)
	at mysql.connector.j@9.1.0/com.mysql.cj.jdbc.exceptions.SQLError.createSQLException(SQLError.java:55)
	at mysql.connector.j@9.1.0/com.mysql.cj.jdbc.result.ResultSetImpl.findColumn(ResultSetImpl.java:600)
	at mysql.connector.j@9.1.0/com.mysql.cj.jdbc.result.ResultSetImpl.getString(ResultSetImpl.java:922)
	at QuanLy.QuanLyDoanVien.loadMembersToTable(QuanLyDoanVien.java:208)
	at QuanLy.QuanLyDoanVien.createMemberListPanel(QuanLyDoanVien.java:85)
	at QuanLy.QuanLyDoanVien.<init>(QuanLyDoanVien.java:34)
	at QuanLy.LoginFrame.lambda$2(LoginFrame.java:57)
	at java.desktop/java.awt.event.InvocationEvent.dispatch(InvocationEvent.java:318)
	at java.desktop/java.awt.EventQueue.dispatchEventImpl(EventQueue.java:773)
	at java.desktop/java.awt.EventQueue$4.run(EventQueue.java:720)
	at java.desktop/java.awt.EventQueue$4.run(EventQueue.java:714)
	at java.base/java.security.AccessController.doPrivileged(AccessController.java:400)
	at java.base/java.security.ProtectionDomain$JavaSecurityAccessImpl.doIntersectionPrivilege(ProtectionDomain.java:87)
	at java.desktop/java.awt.EventQueue.dispatchEvent(EventQueue.java:742)
	at java.desktop/java.awt.EventDispatchThread.pumpOneEventForFilters(EventDispatchThread.java:203)
	at java.desktop/java.awt.EventDispatchThread.pumpEventsForFilter(EventDispatchThread.java:124)
	at java.desktop/java.awt.EventDispatchThread.pumpEventsForHierarchy(EventDispatchThread.java:113)
	at java.desktop/java.awt.EventDispatchThread.pumpEvents(EventDispatchThread.java:109)
	at java.desktop/java.awt.EventDispatchThread.pumpEvents(EventDispatchThread.java:101)
	at java.desktop/java.awt.EventDispatchThread.run(EventDispatchThread.java:90)

thg 12 25, 2024 4:30:29 CH QuanLy.QuanLyDoanVien loadMembersToTable
SEVERE: Error loading members
java.sql.SQLSyntaxErrorException: Column 'rating' not found.
	at mysql.connector.j@9.1.0/com.mysql.cj.jdbc.exceptions.SQLError.createSQLException(SQLError.java:112)
	at mysql.connector.j@9.1.0/com.mysql.cj.jdbc.exceptions.SQLError.createSQLException(SQLError.java:89)
	at mysql.connector.j@9.1.0/com.mysql.cj.jdbc.exceptions.SQLError.createSQLException(SQLError.java:81)
	at mysql.connector.j@9.1.0/com.mysql.cj.jdbc.exceptions.SQLError.createSQLException(SQLError.java:55)
	at mysql.connector.j@9.1.0/com.mysql.cj.jdbc.result.ResultSetImpl.findColumn(ResultSetImpl.java:600)
	at mysql.connector.j@9.1.0/com.mysql.cj.jdbc.result.ResultSetImpl.getString(ResultSetImpl.java:922)
	at QuanLy.QuanLyDoanVien.loadMembersToTable(QuanLyDoanVien.java:208)
	at QuanLy.QuanLyDoanVien.createMemberListPanel(QuanLyDoanVien.java:85)
	at QuanLy.QuanLyDoanVien.<init>(QuanLyDoanVien.java:34)
	at QuanLy.LoginFrame.lambda$2(LoginFrame.java:57)
	at java.desktop/java.awt.event.InvocationEvent.dispatch(InvocationEvent.java:318)
	at java.desktop/java.awt.EventQueue.dispatchEventImpl(EventQueue.java:773)
	at java.desktop/java.awt.EventQueue$4.run(EventQueue.java:720)
	at java.desktop/java.awt.EventQueue$4.run(EventQueue.java:714)
	at java.base/java.security.AccessController.doPrivileged(AccessController.java:400)
	at java.base/java.security.ProtectionDomain$JavaSecurityAccessImpl.doIntersectionPrivilege(ProtectionDomain.java:87)
	at java.desktop/java.awt.EventQueue.dispatchEvent(EventQueue.java:742)
	at java.desktop/java.awt.EventDispatchThread.pumpOneEventForFilters(EventDispatchThread.java:203)
	at java.desktop/java.awt.EventDispatchThread.pumpEventsForFilter(EventDispatchThread.java:124)
	at java.desktop/java.awt.EventDispatchThread.pumpEventsForHierarchy(EventDispatchThread.java:113)
	at java.desktop/java.awt.EventDispatchThread.pumpEvents(EventDispatchThread.java:109)
	at java.desktop/java.awt.EventDispatchThread.pumpEvents(EventDispatchThread.java:101)
	at java.desktop/java.awt.EventDispatchThread.run(EventDispatchThread.java:90)

thg 12 25, 2024 4:35:29 CH QuanLy.QuanLyDoanVien loadMembersToTable
SEVERE: Error loading members
java.sql.SQLSyntaxErrorException: Column 'rating' not found.
	at mysql.connector.j@9.1.0/com.mysql.cj.jdbc.exceptions.SQLError.createSQLException(SQLError.java:112)
	at mysql.connector.j@9.1.0/com.mysql.cj.jdbc.exceptions.SQLError.createSQLException(SQLError.java:89)
	at mysql.connector.j@9.1.0/com.mysql.cj.jdbc.exceptions.SQLError.createSQLException(SQLError.java:81)
	at mysql.connector.j@9.1.0/com.mysql.cj.jdbc.exceptions.SQLError.createSQLException(SQLError.java:55)
	at mysql.connector.j@9.1.0/com.mysql.cj.jdbc.result.ResultSetImpl.findColumn(ResultSetImpl.java:600)
	at mysql.connector.j@9.1.0/com.mysql.cj.jdbc.result.ResultSetImpl.getString(ResultSetImpl.java:922)
	at QuanLy.QuanLyDoanVien.loadMembersToTable(QuanLyDoanVien.java:208)
	at QuanLy.QuanLyDoanVien.createMemberListPanel(QuanLyDoanVien.java:85)
	at QuanLy.QuanLyDoanVien.<init>(QuanLyDoanVien.java:34)
	at QuanLy.QuanLyDoanVien.lambda$5(QuanLyDoanVien.java:421)
	at java.desktop/java.awt.event.InvocationEvent.dispatch(InvocationEvent.java:318)
	at java.desktop/java.awt.EventQueue.dispatchEventImpl(EventQueue.java:773)
	at java.desktop/java.awt.EventQueue$4.run(EventQueue.java:720)
	at java.desktop/java.awt.EventQueue$4.run(EventQueue.java:714)
	at java.base/java.security.AccessController.doPrivileged(AccessController.java:400)
	at java.base/java.security.ProtectionDomain$JavaSecurityAccessImpl.doIntersectionPrivilege(ProtectionDomain.java:87)
	at java.desktop/java.awt.EventQueue.dispatchEvent(EventQueue.java:742)
	at java.desktop/java.awt.EventDispatchThread.pumpOneEventForFilters(EventDispatchThread.java:203)
	at java.desktop/java.awt.EventDispatchThread.pumpEventsForFilter(EventDispatchThread.java:124)
	at java.desktop/java.awt.EventDispatchThread.pumpEventsForHierarchy(EventDispatchThread.java:113)
	at java.desktop/java.awt.EventDispatchThread.pumpEvents(EventDispatchThread.java:109)
	at java.desktop/java.awt.EventDispatchThread.pumpEvents(EventDispatchThread.java:101)
	at java.desktop/java.awt.EventDispatchThread.run(EventDispatchThread.java:90)

thg 12 25, 2024 4:36:43 CH QuanLy.QuanLyDoanVien loadMembersToTable
SEVERE: Error loading members
java.sql.SQLSyntaxErrorException: Column 'rating' not found.
	at mysql.connector.j@9.1.0/com.mysql.cj.jdbc.exceptions.SQLError.createSQLException(SQLError.java:112)
	at mysql.connector.j@9.1.0/com.mysql.cj.jdbc.exceptions.SQLError.createSQLException(SQLError.java:89)
	at mysql.connector.j@9.1.0/com.mysql.cj.jdbc.exceptions.SQLError.createSQLException(SQLError.java:81)
	at mysql.connector.j@9.1.0/com.mysql.cj.jdbc.exceptions.SQLError.createSQLException(SQLError.java:55)
	at mysql.connector.j@9.1.0/com.mysql.cj.jdbc.result.ResultSetImpl.findColumn(ResultSetImpl.java:600)
	at mysql.connector.j@9.1.0/com.mysql.cj.jdbc.result.ResultSetImpl.getString(ResultSetImpl.java:922)
	at QuanLy.QuanLyDoanVien.loadMembersToTable(QuanLyDoanVien.java:208)
	at QuanLy.QuanLyDoanVien.createMemberListPanel(QuanLyDoanVien.java:85)
	at QuanLy.QuanLyDoanVien.<init>(QuanLyDoanVien.java:34)
	at QuanLy.QuanLyDoanVien.lambda$5(QuanLyDoanVien.java:421)
	at java.desktop/java.awt.event.InvocationEvent.dispatch(InvocationEvent.java:318)
	at java.desktop/java.awt.EventQueue.dispatchEventImpl(EventQueue.java:773)
	at java.desktop/java.awt.EventQueue$4.run(EventQueue.java:720)
	at java.desktop/java.awt.EventQueue$4.run(EventQueue.java:714)
	at java.base/java.security.AccessController.doPrivileged(AccessController.java:400)
	at java.base/java.security.ProtectionDomain$JavaSecurityAccessImpl.doIntersectionPrivilege(ProtectionDomain.java:87)
	at java.desktop/java.awt.EventQueue.dispatchEvent(EventQueue.java:742)
	at java.desktop/java.awt.EventDispatchThread.pumpOneEventForFilters(EventDispatchThread.java:203)
	at java.desktop/java.awt.EventDispatchThread.pumpEventsForFilter(EventDispatchThread.java:124)
	at java.desktop/java.awt.EventDispatchThread.pumpEventsForHierarchy(EventDispatchThread.java:113)
	at java.desktop/java.awt.EventDispatchThread.pumpEvents(EventDispatchThread.java:109)
	at java.desktop/java.awt.EventDispatchThread.pumpEvents(EventDispatchThread.java:101)
	at java.desktop/java.awt.EventDispatchThread.run(EventDispatchThread.java:90)

thg 12 25, 2024 4:59:48 CH QuanLy.QuanLyDoanVien showStatistics
SEVERE: Error showing statistics
java.sql.SQLSyntaxErrorException: Unknown column 'status' in 'where clause'
	at mysql.connector.j@9.1.0/com.mysql.cj.jdbc.exceptions.SQLError.createSQLException(SQLError.java:112)
	at mysql.connector.j@9.1.0/com.mysql.cj.jdbc.exceptions.SQLExceptionsMapping.translateException(SQLExceptionsMapping.java:114)
	at mysql.connector.j@9.1.0/com.mysql.cj.jdbc.StatementImpl.executeQuery(StatementImpl.java:1312)
	at QuanLy.QuanLyDoanVien.showStatistics(QuanLyDoanVien.java:365)
	at QuanLy.QuanLyDoanVien.lambda$3(QuanLyDoanVien.java:91)
	at java.desktop/javax.swing.AbstractButton.fireActionPerformed(AbstractButton.java:1972)
	at java.desktop/javax.swing.AbstractButton$Handler.actionPerformed(AbstractButton.java:2314)
	at java.desktop/javax.swing.DefaultButtonModel.fireActionPerformed(DefaultButtonModel.java:407)
	at java.desktop/javax.swing.DefaultButtonModel.setPressed(DefaultButtonModel.java:262)
	at java.desktop/javax.swing.plaf.basic.BasicButtonListener.mouseReleased(BasicButtonListener.java:279)
	at java.desktop/java.awt.Component.processMouseEvent(Component.java:6621)
	at java.desktop/javax.swing.JComponent.processMouseEvent(JComponent.java:3404)
	at java.desktop/java.awt.Component.processEvent(Component.java:6386)
	at java.desktop/java.awt.Container.processEvent(Container.java:2266)
	at java.desktop/java.awt.Component.dispatchEventImpl(Component.java:4996)
	at java.desktop/java.awt.Container.dispatchEventImpl(Container.java:2324)
	at java.desktop/java.awt.Component.dispatchEvent(Component.java:4828)
	at java.desktop/java.awt.LightweightDispatcher.retargetMouseEvent(Container.java:4948)
	at java.desktop/java.awt.LightweightDispatcher.processMouseEvent(Container.java:4575)
	at java.desktop/java.awt.LightweightDispatcher.dispatchEvent(Container.java:4516)
	at java.desktop/java.awt.Container.dispatchEventImpl(Container.java:2310)
	at java.desktop/java.awt.Window.dispatchEventImpl(Window.java:2780)
	at java.desktop/java.awt.Component.dispatchEvent(Component.java:4828)
	at java.desktop/java.awt.EventQueue.dispatchEventImpl(EventQueue.java:775)
	at java.desktop/java.awt.EventQueue$4.run(EventQueue.java:720)
	at java.desktop/java.awt.EventQueue$4.run(EventQueue.java:714)
	at java.base/java.security.AccessController.doPrivileged(AccessController.java:400)
	at java.base/java.security.ProtectionDomain$JavaSecurityAccessImpl.doIntersectionPrivilege(ProtectionDomain.java:87)
	at java.base/java.security.ProtectionDomain$JavaSecurityAccessImpl.doIntersectionPrivilege(ProtectionDomain.java:98)
	at java.desktop/java.awt.EventQueue$5.run(EventQueue.java:747)
	at java.desktop/java.awt.EventQueue$5.run(EventQueue.java:745)
	at java.base/java.security.AccessController.doPrivileged(AccessController.java:400)
	at java.base/java.security.ProtectionDomain$JavaSecurityAccessImpl.doIntersectionPrivilege(ProtectionDomain.java:87)
	at java.desktop/java.awt.EventQueue.dispatchEvent(EventQueue.java:744)
	at java.desktop/java.awt.EventDispatchThread.pumpOneEventForFilters(EventDispatchThread.java:203)
	at java.desktop/java.awt.EventDispatchThread.pumpEventsForFilter(EventDispatchThread.java:124)
	at java.desktop/java.awt.EventDispatchThread.pumpEventsForHierarchy(EventDispatchThread.java:113)
	at java.desktop/java.awt.EventDispatchThread.pumpEvents(EventDispatchThread.java:109)
	at java.desktop/java.awt.EventDispatchThread.pumpEvents(EventDispatchThread.java:101)
	at java.desktop/java.awt.EventDispatchThread.run(EventDispatchThread.java:90)

thg 12 28, 2024 8:20:17 SA QuanLy.QuanLyDoanVien addButtonWithIcon
WARNING: Icon not found: /images/add_icon.png
thg 12 28, 2024 8:20:17 SA QuanLy.QuanLyDoanVien addButtonWithIcon
WARNING: Icon not found: /images/edit_icon.png
thg 12 28, 2024 8:20:17 SA QuanLy.QuanLyDoanVien addButtonWithIcon
WARNING: Icon not found: /images/delete_icon.png
thg 12 28, 2024 8:20:17 SA QuanLy.QuanLyDoanVien addButtonWithIcon
WARNING: Icon not found: /images/statistics_icon.png
thg 12 28, 2024 8:20:17 SA QuanLy.QuanLyDoanVien addButtonWithIcon
WARNING: Icon not found: /images/search_icon.png
thg 12 28, 2024 8:20:17 SA QuanLy.QuanLyDoanVien <init>
WARNING: Application icon not found
thg 12 28, 2024 10:11:52 CH QuanLy.QuanLyDoanVien loadMembersToTable
SEVERE: Error loading members
com.mysql.cj.jdbc.exceptions.CommunicationsException: Communications link failure

The last packet sent successfully to the server was 0 milliseconds ago. The driver has not received any packets from the server.
	at mysql.connector.j@9.1.0/com.mysql.cj.jdbc.exceptions.SQLError.createCommunicationsException(SQLError.java:165)
	at mysql.connector.j@9.1.0/com.mysql.cj.jdbc.exceptions.SQLExceptionsMapping.translateException(SQLExceptionsMapping.java:55)
	at mysql.connector.j@9.1.0/com.mysql.cj.jdbc.ConnectionImpl.createNewIO(ConnectionImpl.java:837)
	at mysql.connector.j@9.1.0/com.mysql.cj.jdbc.ConnectionImpl.<init>(ConnectionImpl.java:420)
	at mysql.connector.j@9.1.0/com.mysql.cj.jdbc.ConnectionImpl.getInstance(ConnectionImpl.java:238)
	at mysql.connector.j@9.1.0/com.mysql.cj.jdbc.NonRegisteringDriver.connect(NonRegisteringDriver.java:180)
	at java.sql/java.sql.DriverManager.getConnection(DriverManager.java:682)
	at java.sql/java.sql.DriverManager.getConnection(DriverManager.java:191)
	at QuanLy.DatabaseConnection.getConnection(QuanLyDoanVien.java:459)
	at QuanLy.QuanLyDoanVien.loadMembersToTable(QuanLyDoanVien.java:200)
	at QuanLy.QuanLyDoanVien.createMemberListPanel(QuanLyDoanVien.java:85)
	at QuanLy.QuanLyDoanVien.<init>(QuanLyDoanVien.java:34)
	at QuanLy.QuanLyDoanVien.lambda$5(QuanLyDoanVien.java:428)
	at java.desktop/java.awt.event.InvocationEvent.dispatch(InvocationEvent.java:318)
	at java.desktop/java.awt.EventQueue.dispatchEventImpl(EventQueue.java:773)
	at java.desktop/java.awt.EventQueue$4.run(EventQueue.java:720)
	at java.desktop/java.awt.EventQueue$4.run(EventQueue.java:714)
	at java.base/java.security.AccessController.doPrivileged(AccessController.java:400)
	at java.base/java.security.ProtectionDomain$JavaSecurityAccessImpl.doIntersectionPrivilege(ProtectionDomain.java:87)
	at java.desktop/java.awt.EventQueue.dispatchEvent(EventQueue.java:742)
	at java.desktop/java.awt.EventDispatchThread.pumpOneEventForFilters(EventDispatchThread.java:203)
	at java.desktop/java.awt.EventDispatchThread.pumpEventsForFilter(EventDispatchThread.java:124)
	at java.desktop/java.awt.EventDispatchThread.pumpEventsForHierarchy(EventDispatchThread.java:113)
	at java.desktop/java.awt.EventDispatchThread.pumpEvents(EventDispatchThread.java:109)
	at java.desktop/java.awt.EventDispatchThread.pumpEvents(EventDispatchThread.java:101)
	at java.desktop/java.awt.EventDispatchThread.run(EventDispatchThread.java:90)
Caused by: com.mysql.cj.exceptions.CJCommunicationsException: Communications link failure

The last packet sent successfully to the server was 0 milliseconds ago. The driver has not received any packets from the server.
	at java.base/jdk.internal.reflect.DirectConstructorHandleAccessor.newInstance(DirectConstructorHandleAccessor.java:62)
	at java.base/java.lang.reflect.Constructor.newInstanceWithCaller(Constructor.java:501)
	at java.base/java.lang.reflect.Constructor.newInstance(Constructor.java:485)
	at mysql.connector.j@9.1.0/com.mysql.cj.exceptions.ExceptionFactory.createException(ExceptionFactory.java:52)
	at mysql.connector.j@9.1.0/com.mysql.cj.exceptions.ExceptionFactory.createException(ExceptionFactory.java:95)
	at mysql.connector.j@9.1.0/com.mysql.cj.exceptions.ExceptionFactory.createException(ExceptionFactory.java:140)
	at mysql.connector.j@9.1.0/com.mysql.cj.exceptions.ExceptionFactory.createCommunicationsException(ExceptionFactory.java:156)
	at mysql.connector.j@9.1.0/com.mysql.cj.protocol.a.NativeSocketConnection.connect(NativeSocketConnection.java:79)
	at mysql.connector.j@9.1.0/com.mysql.cj.NativeSession.connect(NativeSession.java:142)
	at mysql.connector.j@9.1.0/com.mysql.cj.jdbc.ConnectionImpl.connectOneTryOnly(ConnectionImpl.java:961)
	at mysql.connector.j@9.1.0/com.mysql.cj.jdbc.ConnectionImpl.createNewIO(ConnectionImpl.java:825)
	... 23 more
Caused by: java.net.ConnectException: Connection refused: connect
	at java.base/sun.nio.ch.Net.connect0(Native Method)
	at java.base/sun.nio.ch.Net.connect(Net.java:589)
	at java.base/sun.nio.ch.Net.connect(Net.java:578)
	at java.base/sun.nio.ch.NioSocketImpl.connect(NioSocketImpl.java:583)
	at java.base/java.net.SocksSocketImpl.connect(SocksSocketImpl.java:327)
	at java.base/java.net.Socket.connect(Socket.java:760)
	at mysql.connector.j@9.1.0/com.mysql.cj.protocol.StandardSocketFactory.connect(StandardSocketFactory.java:144)
	at mysql.connector.j@9.1.0/com.mysql.cj.protocol.a.NativeSocketConnection.connect(NativeSocketConnection.java:53)
	... 26 more

thg 12 28, 2024 10:11:58 CH QuanLy.QuanLyDoanVien loadMembersToTable
SEVERE: Error loading members
com.mysql.cj.jdbc.exceptions.CommunicationsException: Communications link failure

The last packet sent successfully to the server was 0 milliseconds ago. The driver has not received any packets from the server.
	at mysql.connector.j@9.1.0/com.mysql.cj.jdbc.exceptions.SQLError.createCommunicationsException(SQLError.java:165)
	at mysql.connector.j@9.1.0/com.mysql.cj.jdbc.exceptions.SQLExceptionsMapping.translateException(SQLExceptionsMapping.java:55)
	at mysql.connector.j@9.1.0/com.mysql.cj.jdbc.ConnectionImpl.createNewIO(ConnectionImpl.java:837)
	at mysql.connector.j@9.1.0/com.mysql.cj.jdbc.ConnectionImpl.<init>(ConnectionImpl.java:420)
	at mysql.connector.j@9.1.0/com.mysql.cj.jdbc.ConnectionImpl.getInstance(ConnectionImpl.java:238)
	at mysql.connector.j@9.1.0/com.mysql.cj.jdbc.NonRegisteringDriver.connect(NonRegisteringDriver.java:180)
	at java.sql/java.sql.DriverManager.getConnection(DriverManager.java:682)
	at java.sql/java.sql.DriverManager.getConnection(DriverManager.java:191)
	at QuanLy.DatabaseConnection.getConnection(QuanLyDoanVien.java:459)
	at QuanLy.QuanLyDoanVien.loadMembersToTable(QuanLyDoanVien.java:200)
	at QuanLy.QuanLyDoanVien.createMemberListPanel(QuanLyDoanVien.java:85)
	at QuanLy.QuanLyDoanVien.<init>(QuanLyDoanVien.java:34)
	at QuanLy.QuanLyDoanVien.lambda$5(QuanLyDoanVien.java:428)
	at java.desktop/java.awt.event.InvocationEvent.dispatch(InvocationEvent.java:318)
	at java.desktop/java.awt.EventQueue.dispatchEventImpl(EventQueue.java:773)
	at java.desktop/java.awt.EventQueue$4.run(EventQueue.java:720)
	at java.desktop/java.awt.EventQueue$4.run(EventQueue.java:714)
	at java.base/java.security.AccessController.doPrivileged(AccessController.java:400)
	at java.base/java.security.ProtectionDomain$JavaSecurityAccessImpl.doIntersectionPrivilege(ProtectionDomain.java:87)
	at java.desktop/java.awt.EventQueue.dispatchEvent(EventQueue.java:742)
	at java.desktop/java.awt.EventDispatchThread.pumpOneEventForFilters(EventDispatchThread.java:203)
	at java.desktop/java.awt.EventDispatchThread.pumpEventsForFilter(EventDispatchThread.java:124)
	at java.desktop/java.awt.EventDispatchThread.pumpEventsForHierarchy(EventDispatchThread.java:113)
	at java.desktop/java.awt.EventDispatchThread.pumpEvents(EventDispatchThread.java:109)
	at java.desktop/java.awt.EventDispatchThread.pumpEvents(EventDispatchThread.java:101)
	at java.desktop/java.awt.EventDispatchThread.run(EventDispatchThread.java:90)
Caused by: com.mysql.cj.exceptions.CJCommunicationsException: Communications link failure

The last packet sent successfully to the server was 0 milliseconds ago. The driver has not received any packets from the server.
	at java.base/jdk.internal.reflect.DirectConstructorHandleAccessor.newInstance(DirectConstructorHandleAccessor.java:62)
	at java.base/java.lang.reflect.Constructor.newInstanceWithCaller(Constructor.java:501)
	at java.base/java.lang.reflect.Constructor.newInstance(Constructor.java:485)
	at mysql.connector.j@9.1.0/com.mysql.cj.exceptions.ExceptionFactory.createException(ExceptionFactory.java:52)
	at mysql.connector.j@9.1.0/com.mysql.cj.exceptions.ExceptionFactory.createException(ExceptionFactory.java:95)
	at mysql.connector.j@9.1.0/com.mysql.cj.exceptions.ExceptionFactory.createException(ExceptionFactory.java:140)
	at mysql.connector.j@9.1.0/com.mysql.cj.exceptions.ExceptionFactory.createCommunicationsException(ExceptionFactory.java:156)
	at mysql.connector.j@9.1.0/com.mysql.cj.protocol.a.NativeSocketConnection.connect(NativeSocketConnection.java:79)
	at mysql.connector.j@9.1.0/com.mysql.cj.NativeSession.connect(NativeSession.java:142)
	at mysql.connector.j@9.1.0/com.mysql.cj.jdbc.ConnectionImpl.connectOneTryOnly(ConnectionImpl.java:961)
	at mysql.connector.j@9.1.0/com.mysql.cj.jdbc.ConnectionImpl.createNewIO(ConnectionImpl.java:825)
	... 23 more
Caused by: java.net.ConnectException: Connection refused: connect
	at java.base/sun.nio.ch.Net.connect0(Native Method)
	at java.base/sun.nio.ch.Net.connect(Net.java:589)
	at java.base/sun.nio.ch.Net.connect(Net.java:578)
	at java.base/sun.nio.ch.NioSocketImpl.connect(NioSocketImpl.java:583)
	at java.base/java.net.SocksSocketImpl.connect(SocksSocketImpl.java:327)
	at java.base/java.net.Socket.connect(Socket.java:760)
	at mysql.connector.j@9.1.0/com.mysql.cj.protocol.StandardSocketFactory.connect(StandardSocketFactory.java:144)
	at mysql.connector.j@9.1.0/com.mysql.cj.protocol.a.NativeSocketConnection.connect(NativeSocketConnection.java:53)
	... 26 more

thg 12 28, 2024 10:13:47 CH QuanLy.QuanLyDoanVien loadMembersToTable
SEVERE: Error loading members
java.sql.SQLSyntaxErrorException: Column 'gender' not found.
	at mysql.connector.j@9.1.0/com.mysql.cj.jdbc.exceptions.SQLError.createSQLException(SQLError.java:112)
	at mysql.connector.j@9.1.0/com.mysql.cj.jdbc.exceptions.SQLError.createSQLException(SQLError.java:89)
	at mysql.connector.j@9.1.0/com.mysql.cj.jdbc.exceptions.SQLError.createSQLException(SQLError.java:81)
	at mysql.connector.j@9.1.0/com.mysql.cj.jdbc.exceptions.SQLError.createSQLException(SQLError.java:55)
	at mysql.connector.j@9.1.0/com.mysql.cj.jdbc.result.ResultSetImpl.findColumn(ResultSetImpl.java:600)
	at mysql.connector.j@9.1.0/com.mysql.cj.jdbc.result.ResultSetImpl.getString(ResultSetImpl.java:922)
	at QuanLy.QuanLyDoanVien.loadMembersToTable(QuanLyDoanVien.java:214)
	at QuanLy.QuanLyDoanVien.createMemberListPanel(QuanLyDoanVien.java:78)
	at QuanLy.QuanLyDoanVien.<init>(QuanLyDoanVien.java:29)
	at QuanLy.QuanLyDoanVien.lambda$5(QuanLyDoanVien.java:431)
	at java.desktop/java.awt.event.InvocationEvent.dispatch(InvocationEvent.java:318)
	at java.desktop/java.awt.EventQueue.dispatchEventImpl(EventQueue.java:773)
	at java.desktop/java.awt.EventQueue$4.run(EventQueue.java:720)
	at java.desktop/java.awt.EventQueue$4.run(EventQueue.java:714)
	at java.base/java.security.AccessController.doPrivileged(AccessController.java:400)
	at java.base/java.security.ProtectionDomain$JavaSecurityAccessImpl.doIntersectionPrivilege(ProtectionDomain.java:87)
	at java.desktop/java.awt.EventQueue.dispatchEvent(EventQueue.java:742)
	at java.desktop/java.awt.EventDispatchThread.pumpOneEventForFilters(EventDispatchThread.java:203)
	at java.desktop/java.awt.EventDispatchThread.pumpEventsForFilter(EventDispatchThread.java:124)
	at java.desktop/java.awt.EventDispatchThread.pumpEventsForHierarchy(EventDispatchThread.java:113)
	at java.desktop/java.awt.EventDispatchThread.pumpEvents(EventDispatchThread.java:109)
	at java.desktop/java.awt.EventDispatchThread.pumpEvents(EventDispatchThread.java:101)
	at java.desktop/java.awt.EventDispatchThread.run(EventDispatchThread.java:90)

